<?xml version="1.0" encoding="UTF-8"?>
<testsuite xmlns:xsi="http://www.w3.org/2001/XMLSchema-instance" xsi:noNamespaceSchemaLocation="https://maven.apache.org/surefire/maven-surefire-plugin/xsd/surefire-test-report.xsd" name="common.actions.SkipTurnActionTest" time="0.003" tests="4" errors="0" skipped="0" failures="0">
  <properties>
[...]
</properties>
  <testcase name="skipThreeTurns" classname="common.actions.SkipTurnActionTest" time="0"/>
  <testcase name="skipFourTurns" classname="common.actions.SkipTurnActionTest" time="0.001"/>
  <testcase name="skipTwoTurns" classname="common.actions.SkipTurnActionTest" time="0"/>
  <testcase name="skipOneTurn" classname="common.actions.SkipTurnActionTest" time="0.001"/>
</testsuite>