<?xml version="1.0" encoding="UTF-8" ?>
<testsuite tests="55" failures="0" name="FishModelTest" time="0.012" errors="0" skipped="0">
  <properties>
[...]
</properties>
  <testcase classname="FishModelTest" name="moveBottomLeftWithEmptyInvalid1" time="0.003"/>
  <testcase classname="FishModelTest" name="moveBottomLeftWithEmptyInvalid2" time="0"/>
  <testcase classname="FishModelTest" name="moveBottomLeftWithEmptyInvalid3" time="0.001"/>
  <testcase classname="FishModelTest" name="emptyTileInvalid1" time="0"/>
  <testcase classname="FishModelTest" name="emptyTileInvalid2" time="0.001"/>
  <testcase classname="FishModelTest" name="emptyTileInvalid3" time="0"/>
  <testcase classname="FishModelTest" name="emptyTileInvalid4" time="0.001"/>
  <testcase classname="FishModelTest" name="emptyTileInvalid5" time="0.003"/>
  <testcase classname="FishModelTest" name="moveToBottomRightInvalid1" time="0"/>
  <testcase classname="FishModelTest" name="moveToBottomRightInvalid2" time="0.001"/>
  <testcase classname="FishModelTest" name="getBoardCopy" time="0"/>
  <testcase classname="FishModelTest" name="moveDownValid1" time="0"/>
  <testcase classname="FishModelTest" name="moveDownValid2" time="0"/>
  <testcase classname="FishModelTest" name="moveDownValid3" time="0"/>
  <testcase classname="FishModelTest" name="moveDownValid4" time="0"/>
  <testcase classname="FishModelTest" name="emptyBoardMoves" time="0.001"/>
  <testcase classname="FishModelTest" name="moveDownWithEmptyInvalid1" time="0"/>
  <testcase classname="FishModelTest" name="moveDownWithEmptyInvalid2" time="0.001"/>
  <testcase classname="FishModelTest" name="moveDownWithEmptyInvalid3" time="0"/>
  <testcase classname="FishModelTest" name="moveToSelfInvalid" time="0"/>
  <testcase classname="FishModelTest" name="moveLeftInvalid" time="0"/>
  <testcase classname="FishModelTest" name="moveToTopLeftInvalid1" time="0"/>
  <testcase classname="FishModelTest" name="moveToTopLeftInvalid2" time="0"/>
  <testcase classname="FishModelTest" name="moveToTopRightInvalid1" time="0"/>
  <testcase classname="FishModelTest" name="moveToTopRightInvalid2" time="0"/>
  <testcase classname="FishModelTest" name="getEmptyBoardCopy" time="0"/>
  <testcase classname="FishModelTest" name="emptyTileValid1" time="0"/>
  <testcase classname="FishModelTest" name="emptyTileValid2" time="0"/>
  <testcase classname="FishModelTest" name="moveToTopLeftValid1" time="0"/>
  <testcase classname="FishModelTest" name="moveToTopLeftValid2" time="0"/>
  <testcase classname="FishModelTest" name="moveUpValid1" time="0"/>
  <testcase classname="FishModelTest" name="moveUpValid2" time="0"/>
  <testcase classname="FishModelTest" name="moveUpValid3" time="0"/>
  <testcase classname="FishModelTest" name="moveUpValid4" time="0"/>
  <testcase classname="FishModelTest" name="moveRightInvalid" time="0"/>
  <testcase classname="FishModelTest" name="moveTopLeftWithEmptyInvalid1" time="0"/>
  <testcase classname="FishModelTest" name="moveTopLeftWithEmptyInvalid2" time="0"/>
  <testcase classname="FishModelTest" name="moveTopLeftWithEmptyInvalid3" time="0"/>
  <testcase classname="FishModelTest" name="moveBottomRightWithEmptyInvalid1" time="0"/>
  <testcase classname="FishModelTest" name="moveBottomRightWithEmptyInvalid2" time="0"/>
  <testcase classname="FishModelTest" name="moveBottomRightWithEmptyInvalid3" time="0"/>
  <testcase classname="FishModelTest" name="moveToBottomLeftValid1" time="0"/>
  <testcase classname="FishModelTest" name="moveToBottomLeftValid2" time="0"/>
  <testcase classname="FishModelTest" name="moveTopRightWithEmptyInvalid1" time="0"/>
  <testcase classname="FishModelTest" name="moveTopRightWithEmptyInvalid2" time="0"/>
  <testcase classname="FishModelTest" name="moveTopRightWithEmptyInvalid3" time="0"/>
  <testcase classname="FishModelTest" name="moveToBottomLeftInvalid1" time="0"/>
  <testcase classname="FishModelTest" name="moveToBottomLeftInvalid2" time="0"/>
  <testcase classname="FishModelTest" name="moveToTopRightValid1" time="0"/>
  <testcase classname="FishModelTest" name="moveToTopRightValid2" time="0"/>
  <testcase classname="FishModelTest" name="moveUpWithEmptyInvalid1" time="0"/>
  <testcase classname="FishModelTest" name="moveUpWithEmptyInvalid2" time="0"/>
  <testcase classname="FishModelTest" name="moveUpWithEmptyInvalid3" time="0"/>
  <testcase classname="FishModelTest" name="moveToBottomRightValid1" time="0"/>
  <testcase classname="FishModelTest" name="moveToBottomRightValid2" time="0"/>
</testsuite>