<?xml version="1.0" encoding="UTF-8"?>
<testsuite xmlns:xsi="http://www.w3.org/2001/XMLSchema-instance" xsi:noNamespaceSchemaLocation="https://maven.apache.org/surefire/maven-surefire-plugin/xsd/surefire-test-report.xsd" name="PenguinTest" time="0.02" tests="3" errors="0" skipped="0" failures="0">
  <properties>
[...]
</properties>
  <testcase name="setColor" classname="PenguinTest" time="0.001"/>
  <testcase name="getColor" classname="PenguinTest" time="0.001"/>
  <testcase name="setPos" classname="PenguinTest" time="0"/>
</testsuite>